ARM GAS  1.s 			page 1


   1              		@单片机：N32G430C8L7
   2              		@功能：频率相位可调SPWM
   3              		@作者：yjmwxwx
   4              		@时间：20220726
   5              		@编译器：arm-none-eabi
   6              		.thumb
   7              		.syntax unified
   8              	.section .text
   9              	vectors:					@向量表
  10 0000 00400020 		.word STACHINIT	
  11 0004 11010000 		.word _start + 1			@复位向量
  12 0008 B3050000 	        .word _nmi_handler + 1 
  13 000c B3050000 	        .word _hard_fault + 1 
  14 0010 B3050000 	        .word _memory_fault + 1 
  15 0014 B3050000 	        .word _bus_fault + 1
  16 0018 B3050000 	        .word _usage_fault + 1
  17 001c 00000000 		.word 0
  18 0020 00000000 		.word 0
  19 0024 00000000 		.word 0
  20 0028 00000000 		.word 0
  21 002c B3050000 		.word aaa +1 @_svc_handler + 1
  22 0030 B3050000 		.word aaa +1 @_debugmon_handler + 1
  23 0034 00000000 		.word 0
  24 0038 B3050000 		.word aaa +1 @_pendsv_handler + 1
  25 003c B5050000 		.word __systick_zhongduan +1
  26              		@@@@@@@@@@@@@@@@@@@@@@@@@@@@@@@
  27 0040 B3050000 		.word aaa +1 @0 _wwdg +1
  28 0044 B3050000 		.word aaa +1 @1 _pvd +1
  29 0048 B3050000 		.word aaa +1 @2 _rtc_tamper_stamp +1
  30 004c B3050000 		.word aaa +1 @3 _rtc_wkup +1
  31 0050 B3050000 		.word aaa +1 @4 _flash +1
  32 0054 B3050000 		.word aaa +1 @5 _rcc +1
  33 0058 B3050000 		.word aaa +1 @6 _exti0 +1
  34 005c B3050000 		.word aaa +1 @7 _exti1 +1
  35 0060 B3050000 		.word aaa +1 @8 _exti2 +1
  36 0064 B3050000 		.word aaa +1 @9 _exti3 +1
  37 0068 B3050000 		.word aaa +1 @10 _exti4 +1
  38 006c B3050000 		.word aaa +1 @11 _dma_channel1 +1
  39 0070 B3050000 		.word aaa +1 @12 _dma_channel2 +1
  40 0074 B3050000 		.word aaa +1 @13 _dma_channel3 +1
  41 0078 B3050000 		.word aaa +1 @14 _dma_channel4 +1
  42 007c B3050000 		.word aaa +1 @15 _dma_channel5 +1
  43 0080 B3050000 		.word aaa +1 @16 _dma_channel6 +1
  44 0084 B3050000 		.word aaa +1 @17 _dma_channel7 +1
  45 0088 B3050000 		.word aaa +1 @18 _dma_channel8 +1
  46 008c B3050000 		.word aaa +1 @19 _adc +1
  47 0090 B3050000 		.word aaa +1 @20 _mmu +1
  48 0094 B3050000 		.word aaa +1 @21 _comp_1_2_3 +1
  49 0098 B3050000 		.word aaa +1 @22 _exti9_5 +1
  50 009c B3050000 		.word aaa +1 @23 _tim1_brk +1
  51 00a0 B3050000 		.word aaa +1 @24 _tim1_up +1
  52 00a4 B3050000 		.word aaa +1 @25 _tim1_trg_com +1
  53 00a8 B3050000 		.word aaa +1 @26 _tim1_cc +1
  54 00ac B3050000 		.word aaa +1 @27 _tim2 +1
  55 00b0 C7050000 		.word _tim3 +1
  56 00b4 29060000 		.word _tim4 +1
  57 00b8 B3050000 		.word aaa +1 @31 _i2c1_ev +1
ARM GAS  1.s 			page 2


  58 00bc B3050000 		.word aaa +1 @32 _i2c1_er +1
  59 00c0 B3050000 		.word aaa +1 @33 _i2c2_ev +1
  60 00c4 B3050000 		.word aaa +1 @34 _i2c2_er +1
  61 00c8 B3050000 		.word aaa +1 @35 _spi1 +1
  62 00cc B3050000 		.word aaa +1 @36 _spi2 +1
  63 00d0 B3050000 		.word aaa +1 @37 _usart1 +1
  64 00d4 B3050000 		.word aaa +1 @38 _usart2 +1
  65 00d8 B3050000 		.word aaa +1 @39 _uart3 +1
  66 00dc B3050000 		.word aaa +1 @40 _exti15_10 +1
  67 00e0 B3050000 		.word aaa +1 @41 _rtcalarm +1
  68 00e4 B3050000 		.word aaa +1 @42 _lptim_wkup +1
  69 00e8 B3050000 		.word aaa +1 @43 _tim8_brk +1
  70 00ec B3050000 		.word aaa +1 @44 _tim8_up +1
  71 00f0 B3050000 		.word aaa +1 @45 _tim8_cc +1
  72 00f4 B3050000 		.word aaa +1 @46 _uart4 +1
  73 00f8 B3050000 		.word aaa +1 @47 _tim5 +1
  74 00fc B3050000 		.word aaa +1 @48 _tim6 +1
  75 0100 B3050000 		.word aaa +1 @49 _can_tx +1
  76 0104 B3050000 		.word aaa +1 @50 _can_rx0 +1
  77 0108 B3050000 		.word aaa +1 @51 _can_rx1 +1
  78 010c B3050000 		.word aaa +1 @52 _can_sce +1
  79              	_start:
  80              	__shizhong:
  81 0110 DFF82C25 		ldr r2, = 0x40022000   @FLASH访问控制
  82 0114 3321     		movs r1, # 0x33
  83 0116 1160     		str r1, [r2]           @FLASH缓冲 缓冲开启
  84 0118 DFF82805 		ldr r0, = 0x40021000 @ rcc
  85 011c 4FF00111 		ldr r1, = 0x10001
  86 0120 0160     		str r1, [r0]
  87              	__denghse:
  88 0122 0168     		ldr r1, [r0]
  89 0124 8903     		lsls r1, r1, # 14
  90 0126 FCD5     		bpl __denghse
  91              	__dengpllguan:
  92 0128 0168     		ldr r1, [r0]
  93 012a 8901     		lsls r1, r1, # 6
  94 012c FCD4     		bmi __dengpllguan
  95 012e DFF81815 		ldr r1, = 0x390002
  96 0132 0046     		mov r0, r0
  97 0134 4160     		str r1, [r0, # 0x04]
  98 0136 0046     		mov r0, r0
  99 0138 DFF81015 		ldr r1, = 0x1010000
 100 013c 0046     		mov r0, r0
 101 013e 0160     		str r1, [r0]
 102              	
 103              	__dengpll:
 104 0140 0168     		ldr r1, [r0]
 105 0142 8901     		lsls r1, # 6
 106 0144 FCD5     		bpl __dengpll
 107              	__waishe_shizhong:
 108              	@@@@@@@@@@@@@@@@@@@@@@@@@@@@@@@@@@@@@@@@@@@@@@@@@@@@@@@@@@@@@@@@@@@@@@@@@
 109              		@外设时钟
 110              		@rcc_ahbpclken  0x40021014
 111              		@0=dma,2=sram,4=flitf,6=crc,7=pa,8=pb,9=pc,10=pd,12=adc
 112              		@rcc_apb2pclken 0x40021018
 113              		@0=afio,1=beeper,11=tim1,12=spi1,13=tim8,14=usart1,17=uart3,19=spi2
 114              		@rcc_apb1pclken 0x4002101c
ARM GAS  1.s 			page 3


 115              		@0=tim2,1=tim3,2=tim4,3=tim5,4=tim6,6=comp,7=compfilt,11wwdg,
 116              		@17=usart2,21=i2c1,22=i2c2,25=can,28=pwr
 117              	@@@@@@@@@@@@@@@@@@@@@@@@@@@@@@@@@@@@@@@@@@@@@@@@@@@@@@@@@@@@@@@@@@@@@@@@@@
 118 0146 41F29571 		movw r1, # 0x1795
 119 014a 4161     		str r1, [r0, # 0x14]
 120 014c 41F60001 		movw r1, # 0x1800
 121 0150 8161     		str r1, [r0, # 0x18]
 122 0152 0621     		movs r1, # 0x06
 123 0154 C161     		str r1, [r0, # 0x1c]
 124 0156 43F60041 		movw r1, # 0x3c00
 125 015a C162     		str r1, [r0, # 0x2c]	@adc
 126 015c 0121     		movs r1, # 0x01
 127 015e C0F88010 		str r1, [r0, # 0x80]	@adc
 128              	
 129              	_waishezhongduan:			@外设中断
 130              		@0xE000E100    0-31  写1开，写0没效
 131              		@0XE000E180    0-31 写1关，写0没效
 132              		@0XE000E200    0-31 挂起，写0没效
 133              		@0XE000E280    0-31 清除， 写0没效
 134 0162 DFF8EC04 		ldr r0, =  0xe000e100
 135 0166 4FF04051 		ldr r1, = 0x30000000	@tim3 tim4
 136 016a 0160     		str r1, [r0]
 137              	
 138              	_neicunqingling:
 139 016c DFF8E404 		ldr r0, = 0x20004000
 140 0170 4FF00052 		ldr r2, = 0x20000000
 141 0174 0021     		movs r1, # 0
 142              	_neicunqinglingxunhuan:
 143 0176 0438     		subs r0, r0, # 4
 144 0178 0160     		str r1, [r0]
 145 017a 9042     		cmp r0, r2
 146 017c FBD1     		bne _neicunqinglingxunhuan
 147              	
 148              		
 149              	__io_shezhi:
 150              	@@@@@@@@@@@@@@@@@@@@@@@@@@@@@@@@@@@@@@@@@@@@@@@@@@@@@@@@@@@@@@@@@@@@@@@@@@@
 151              		@   pa=0x40023400,    pb=0x40023800,  pc=0x40023c00,  pd=0x40024000
 152              	        @0x00 端口模式寄存器(GPIOx_PMODE)
 153              		@寄存器复位值
 154              		@pa=0xabffffff  pb= 0xfffffebf  pc= 0xfc000000   pd=0xff000000
 155              		@00=输入模式，01=通用输出模式，10=复用功能模式，11模拟功能模式
 156              		@0x04 端口类型定义寄存器(GPIOx_POTYPE) 复位值0
 157              		@ 0=推挽输出，1=开漏输出
 158              		@0x08 翻转率配置寄存器(GPIOx_SR)
 159              		@复位值，PA=0XFFFF，PB=0XFFFF，PC=0XE000,PD=0XF001
 160              		@0=快速，1=慢速
 161              		@0x0c 端口上下拉寄存器(GPIOx_PUPD)
 162              		@寄存器复位值
 163              		@pa=0x64000000,pb=0x100,pc=0,pd=0x02
 164              		@00=无上拉下拉，01=上拉，10=下拉
 165              		@0x10 端口输入数据寄存器(GPIOx_PID)
 166              		@0x14 端口输出数据寄存器(GPIOx_POD)
 167              		@0x18 GPIO 端口位设置/清除寄存器(GPIOx_PBSC)
 168              		@高16位 pbcy = 1 IO低,  低16位 pbsy = 1 IO高
 169              		@0x1c 端口锁定配置寄存器(GPIOx_PLOCK)
 170              		@高16 PLOCKK=1端口配置锁键位被激活
 171              		@低16 PLOCKY=1锁定端口的配置
ARM GAS  1.s 			page 4


 172              		@0x20 复用功能低配置寄存器(GPIOx_AFL)
 173              		@0x24复用功能高配置寄存器(GPIOx_AFH)
 174              		@af0=0000,af1=0001,af2=0010,af3=0011...................
 175              		@0x28 端口位清除寄存器(GPIOx_PBC)
 176              		@pbcy=1 清除对应的 PODy 位为 0
 177              		@0x2c 驱动能力配置寄存器(GPIOx_DS)
 178              		@复位值
 179              		@PA=0X55555555,PB=0X55555555,PC=0X54000000,PD=0X55000001
 180              		@00=2mA,01=8mA,10=4mA,11=12mA
 181              		@@@@@@@@@@@@@@@@@@@@@@@@@@@@@@@@@@@@@@@@@@@@@@@@@@@@@@@@@@@@@@@@@@@@@@@@@@@@@@@@@@
 182              		@PA
 183 017e DFF8D804 		ldr r0, = 0x40023400
 184 0182 DFF8D814 		ldr r1, = 0x6bfafffd
 185 0186 0160     		str r1, [r0]
 186 0188 4FF6FF61 		movw r1, # 0xfeff
 187 018c 8160     		str r1, [r0, # 0x08]
 188 018e 4FF01051 		ldr r1, = 0x24000000
 189 0192 C160     		str r1, [r0, # 0x0c]
 190 0194 4FF03301 		ldr r1, = 0x33
 191 0198 4162     		str r1, [r0, # 0x24]
 192              		@PB
 193 019a DFF8C404 		ldr r0, = 0x40023800
 194 019e DFF8C414 		ldr r1, = 0xebffe9bf
 195 01a2 0160     		str r1, [r0]
 196 01a4 0021     		movs r1, # 0
 197 01a6 C160     		str r1, [r0, # 0x0c]
 198 01a8 DFF8BC14 		ldr r1, = 0x3102000
 199 01ac 0162     		str r1, [r0, # 0x20]
 200 01ae 4FF04C71 		ldr r1, = 0x3300000
 201 01b2 4162     		str r1, [r0, # 0x24]
 202              	
 203              	__dma_chushihua:
 204 01b4 DFF8B404 		ldr r0, = 0x40020000
 205 01b8 0021     	        movs r1, # 0
 206 01ba 8160     		str r1, [r0, # 0x08]
 207 01bc DFF8B014 		ldr r1, = 0x4002084c
 208 01c0 0161     		str r1, [r0, # 0x10]
 209 01c2 DFF8B014 		ldr r1, = dianyabiao
 210 01c6 4161     		str r1, [r0, # 0x14]
 211 01c8 4FF4C871 		ldr r1, = 400			@采样数量	sl
 212 01cc C160     		str r1, [r0, # 0x0c]
 213 01ce 43F28151 		movw r1, # 0x3581 			@0x3581(单次)，0x35a1(循环) 
 214 01d2 8160     		str r1, [r0, # 0x08]
 215              			
 216              	__adc_chushihua:
 217 01d4 DFF8A004 		ldr r0, = 0x40020800
 218 01d8 4FF00501 		ldr r1, =  0x05
 219 01dc 8160     		str r1, [r0, # 0x08]		@开ADC和校准
 220              	__deng_adc_jiaozhun:	
 221 01de 8168     		ldr r1, [r0, # 0x08]
 222 01e0 4907     		lsls r1, r1, # 29
 223 01e2 FCD4     		bmi __deng_adc_jiaozhun		@等ADC校准
 224              	__deng_adc_zhunbeihao:
 225 01e4 816D     		ldr r1, [r0, # 0x58]
 226 01e6 8906     		lsls r1, r1, # 26
 227 01e8 FCD5     		bpl __deng_adc_zhunbeihao	@等ADC准备好
 228              	@	ldr r1, = 0x100000
ARM GAS  1.s 			page 5


 229              	@	str r1, [r0, # 0x2c]		@几个通道循环
 230 01ea 0421     		movs r1, # 0x04			@通道选择
 231 01ec 4163     		str r1, [r0, # 0x34]  		
 232              	@	movw r1, # 0x100
 233              	@	str r1, [r0, # 0x04]		@通道循环采
 234 01ee DFF88C14 		ldr r1, = 0x180101
 235 01f2 8160     		str r1, [r0, # 0x08]
 236 01f4 8160     	        str r1, [r0, # 0x08]		@为啥还要开两次。。。
 237              	
 238              	
 239              	@       ldr r0, = 0xe000e010
 240              	@	ldr r1, = 6399
 241              	@	str r1, [r0, # 4]
 242              	@	str r1, [r0, # 8]
 243              	@	movs r1, # 0x07
 244              	@	str r1, [r0]    @systick 开
 245              	
 246              	__tim4_chushihua:
 247 01f6 DFF88804 		ldr r0, = 0x40000800
 248 01fa 40F28F11 		ldr r1, = 399
 249 01fe 8162     		str r1, [r0, # 0x28]
 250 0200 0221     		movs r1, # 0x02
 251 0202 C160     		str r1, [r0, # 0x0c]
 252 0204 0121     		movs r1, # 0x01
 253 0206 8161     		str r1, [r0, # 0x18]	@捕获
 254 0208 0162     		str r1, [r0, # 0x20]	@捕获开
 255 020a 0160     		str r1, [r0]
 256              	__tim3chushihua:
 257 020c DFF87434 		ldr r3, = 0x40000400 @ tim3_cr1
 258 0210 4FF00002 		ldr r2, = 0
 259 0214 9A62     		str r2, [r3, # 0x28] @ psc
 260 0216 41F6FF02 		ldr r2, = 6399                    @639=200KHZ
 261 021a DA62     		str r2, [r3, # 0x2c] @ ARR
 262 021c 2022     		movs r2, # 0x20
 263 021e 5A60     		str r2, [r3, # 0x04] @ TRGO
 264 0220 0122     		movs r2, # 0x01
 265 0222 DA60     		str r2, [r3, # 0x0c]
 266 0224 8122     		movs r2, # 0x81
 267              	__tim1_chushiha:
 268 0226 DFF86004 		ldr r0, = 0x40012c00 @ tim1_cr1
 269 022a 0021     		movs r1, # 0
 270 022c 8162     		str r1, [r0, # 0x28] @ psc
 271 022e 41F6FF01 		ldr r1, = 6399
 272 0232 C162     		str r1, [r0, # 0x2c] @ ARR
 273 0234 46F66801 		ldr r1, = 0x6868
 274 0238 8161     		str r1, [r0, # 0x18]   
 275 023a 4FF0DD01 		ldr r1, = 0xdd    
 276 023e 0162     		str r1, [r0, # 0x20] @ ccer
 277 0240 4FF40041 		ldr r1, = 0x8000
 278 0244 4164     		str r1, [r0, # 0x44] @ BDTR
 279 0246 4FF08101 		ldr r1, = 0x81
 280 024a 0160     		str r1, [r0]
 281 024c 1A60     		str r2, [r3]
 282              	
 283              	
 284              	__spi_chushihua:
 285 024e DFF83C04 		ldr r0, = 0x40013000	
ARM GAS  1.s 			page 6


 286 0252 44F26C31 		movw r1, # 0x436c
 287 0256 0160     		str r1, [r0]
 288              	
 289              	__lcd_chushihua:
 290 0258 DFF83404 		ldr r0,  = 0x40023418
 291 025c 48F20001 		movw r1, # 0x8000
 292 0260 0160     		str r1, [r0]		@RST=1
 293 0262 DFF83024 		ldr r2, = 0x1ffff
 294 0266 00F0EEF8 		bl __lcd_yanshi
 295              		
 296 026a 0904     		lsls r1, r1, # 16
 297 026c 0160     		str r1, [r0]		@RST=0
 298 026e DFF82424 		ldr r2, = 0x1ffff
 299 0272 00F0E8F8 		bl __lcd_yanshi
 300              		
 301 0276 090C     		lsrs r1, r1, # 16
 302 0278 0160     		str r1, [r0]		@RST=1
 303 027a DFF81824 		ldr r2, = 0x1ffff
 304 027e 00F0E2F8 		bl __lcd_yanshi
 305              	
 306 0282 DFF81404 		ldr r0, = 0x40023818
 307 0286 1021     		movs r1, # 0x10
 308 0288 0904     		lsls r1, r1, # 16
 309 028a 0160     		str r1, [r0]		@RS=0
 310 028c DFF80424 		ldr r2, = 0x1ffff
 311 0290 00F0D9F8 		bl __lcd_yanshi
 312              	
 313 0294 A220     		movs r0, # 0xa2		@ 偏置选择
 314 0296 00F0A0F8 		bl __xie_spi1
 315 029a A020     		movs r0, # 0xa0		@SEG方向（横 0=0到131，1=131到0）
 316 029c 00F09DF8 		bl __xie_spi1
 317 02a0 C820     		movs r0, # 0xc8		@选择COM方向（竖 0=0到63, 1=63到1）
 318 02a2 00F09AF8 		bl __xie_spi1
 319 02a6 2F20     		movs r0, # 0x2f		@选择调节率
 320 02a8 00F097F8 		bl __xie_spi1
 321 02ac 8120     		movs r0, # 0x81		@设置EV命令
 322 02ae 00F094F8 		bl __xie_spi1
 323 02b2 3020     		movs r0, # 0x30		@设置EV（0x00-0x3f 对比度）
 324 02b4 00F091F8 		bl __xie_spi1
 325 02b8 2F20     		movs r0, # 0x2f		@助推器开启
 326 02ba 00F08EF8 		bl __xie_spi1		@调节器开、追踪器开
 327 02be AF20     		movs r0, # 0xaf		@显示开
 328 02c0 00F08BF8 		bl __xie_spi1
 329              	
 330              	
 331              	
 332              		
 333 02c4 00F0C2F8 		bl __lcd_qingping
 334              	
 335              	
 336              	__guoling_xianshi:
 337 02c8 F448     		ldr r0, = guoling_shijian
 338 02ca 0068     		ldr r0, [r0]
 339 02cc 0821     		movs r1, # 8
 340 02ce F44A     		ldr r2, = asciibiao
 341 02d0 FF23     		movs r3, # 0xff
 342 02d2 00F029F9 		bl _zhuanascii
ARM GAS  1.s 			page 7


 343 02d6 0820     		movs r0, # 8            @写几个字
 344 02d8 3021     		movs r1, # 48           @字库单字长度
 345 02da 0322     		movs r2, # 3            @宽度
 346 02dc F14B     		ldr r3, =  0x100b2              @lcd位置
 347 02de 00F0FDF8 		bl __xie_lcd_ascii
 348 02e2 F1E7     		b __guoling_xianshi
 349              	
 350              	
 351              	adc:
 352 02e4 E448     		ldr r0, = 0x40020800
 353 02e6 B0F84C00 		ldrh r0, [r0, # 0x4c]
 354 02ea 0821     	        movs r1, # 8
 355 02ec EC4A     		ldr r2, = asciibiao
 356 02ee FF23     		movs r3, # 0xff
 357 02f0 00F01AF9 		bl _zhuanascii
 358 02f4 0820     		movs r0, # 8            @写几个字
 359 02f6 3021     		movs r1, # 48           @字库单字长度
 360 02f8 0322     		movs r2, # 3            @宽度
 361 02fa EA4B     		ldr r3, =  0x100b2              @lcd位置
 362 02fc 00F0EEF8 		bl __xie_lcd_ascii
 363              		
 364              		
 365 0300 F0E7     		b adc
 366              	
 367              	
 368              		
 369 0302 E948     		ldr r0, = 0x20000100
 370 0304 0021     		movs r1, # 0
 371 0306 0160     		str r1, [r0]
 372              	__ting:
 373 0308 E148     		ldr r0, = 0x40023418
 374 030a 0122     		movs r2, # 0x01
 375 030c 1346     		mov r3, r2
 376 030e 0260     		str r2, [r0] @开
 377 0310 1B04     		lsls r3, r3,  # 16
 378 0312 6FF07F41 		ldr r1, = 0xffffff
 379              	__led_kai_yanshi:
 380 0316 0139     		subs r1, r1, # 1
 381 0318 FDD1     		bne __led_kai_yanshi
 382 031a 6FF07F41 		ldr r1, = 0xffffff
 383 031e 0360     		str r3, [r0] @关
 384              	__led_guan_yanshi:
 385 0320 0139     		subs r1, r1, # 1
 386 0322 FDD1     		bne __led_guan_yanshi
 387 0324 00F001F8 		bl __jishu_shiyan
 388 0328 EEE7     		b __ting
 389              		
 390              	__jishu_shiyan:
 391 032a 1FB5     		push {r0-r4,lr}
 392 032c DF4C     		ldr r4, = 12345678
 393 032e DE4B     	        ldr r3, = 0x20000100
 394 0330 1868     		ldr r0, [r3]
 395 0332 0130     		adds r0, r0, # 1
 396 0334 1860     		str r0, [r3]
 397 0336 A042     		cmp r0, r4
 398 0338 01D1     		bne __xianshi_shuzi
 399 033a 0020     		movs r0, # 0
ARM GAS  1.s 			page 8


 400 033c 1860     		str r0, [r3]
 401              	__xianshi_shuzi:	
 402 033e 0821     		movs r1, # 8
 403 0340 D74A     		ldr r2, = asciibiao
 404 0342 FF23     		movs r3, # 0xff
 405 0344 00F0F0F8 		bl _zhuanascii
 406 0348 0820     		movs r0, # 8            @写几个字
 407 034a 3021     		movs r1, # 48           @字库单字长度
 408 034c 0322     		movs r2, # 3            @宽度
 409 034e D54B     		ldr r3, =  0x100b2              @lcd位置
 410 0350 00F0C4F8 		bl __xie_lcd_ascii
 411 0354 1FBD     		pop {r0-r4,pc}
 412              	
 413              		
 414              	
 415              	__dft_jisuan:
 416              		@出口R0=实部，R1=虚部
 417 0356 2DE9FC5F 		push {r2-r12,lr}
 418 035a D548     		ldr r0, = sp_zhizhen
 419 035c C0F800D0 		str sp, [r0]
 420              	@	ldr sp, = cos_sin
 421 0360 DFF810C3 		ldr r12, = dianyabiao          @dianyabiao
 422 0364 5FF0000A 		movs r10, # 0
 423 0368 5FF0000B 		movs r11, # 0
 424              	__dft_xunhuan:
 425              		@0 (4 ge)
 426 036c BDE8FC03 		pop {r2-r9}
 427 0370 BCE80300 		ldmia r12!, {r0-r1}
 428 0374 8646     		mov lr, r0
 429 0376 5FEA1E4E 		lsrs lr, lr, # 16
 430 037a 0004     		lsls r0, r0, # 16
 431 037c 000C     		lsrs r0, r0, # 16
 432 037e 02FB0EF2 		mul r2, r2, lr
 433 0382 03FB0EF3 		mul r3, r3, lr
 434 0386 04FB00F4 		mul r4, r4, r0
 435 038a 05FB00F5 		mul r5, r5, r0
 436 038e 8E46     		mov lr, r1
 437 0390 5FEA1E4E 		lsrs lr, lr, # 16
 438 0394 0904     		lsls r1, r1, # 16
 439 0396 090C     		lsrs r1, r1, # 16
 440 0398 06FB0EF6 		mul r6, r6, lr
 441 039c 07FB0EF7 		mul r7, r7, lr
 442 03a0 08FB01F8 		mul r8, r8, r1
 443 03a4 09FB01F9 		mul r9, r9, r1
 444 03a8 9211     		asrs r2, r2, # 6
 445 03aa 9B11     		asrs r3, r3, # 6
 446 03ac A411     		asrs r4, r4, # 6
 447 03ae AD11     		asrs r5, r5, # 6
 448 03b0 B611     		asrs r6, r6, # 6
 449 03b2 BF11     		asrs r7, r7, # 6
 450 03b4 5FEAA818 		asrs r8, r8, # 6
 451 03b8 5FEAA919 		asrs r9, r9, # 6
 452 03bc 9244     		add r10, r10, r2
 453 03be A244     		add r10, r10, r4
 454 03c0 B244     		add r10, r10, r6
 455 03c2 C244     		add r10, r10, r8
 456 03c4 9B44     		add r11, r11, r3
ARM GAS  1.s 			page 9


 457 03c6 AB44     		add r11, r11, r5
 458 03c8 BB44     		add r11, r11, r7
 459 03ca CB44     		add r11, r11, r9
 460 03cc 5046     		mov r0, r10
 461 03ce 5946     		mov r1, r11
 462 03d0 B74A     		ldr r2, = sp_zhizhen
 463 03d2 D2F800D0 		ldr sp, [r2]
 464 03d6 BDE8FC9F 		pop {r2-r12,pc}
 465              		
 466              	__xie_spi1:
 467 03da 30B5     		push {r4-r5,lr}
 468 03dc AB4C     		ldr r4, = 0x40013000
 469 03de 00F006F8 		bl __spi_mang
 470 03e2 2073     		strb r0, [r4,0x0c]
 471 03e4 40F2FF34 		ldr r4, = 0x3ff
 472              	__xie_spi1_yanshi:
 473 03e8 013C     		subs r4, r4, # 1
 474 03ea FDD1     		bne __xie_spi1_yanshi
 475 03ec 30BD     		pop {r4-r5,pc}
 476              		
 477              	__spi_mang:
 478 03ee A568     		ldr r5, [r4,0x08]
 479 03f0 2D06     		lsls r5, r5, # 24
 480 03f2 FCD4     		bmi __spi_mang
 481 03f4 7047     		bx lr
 482              	
 483              	__xie_lcd_ye:
 484              		@入口R0=数据首地址
 485 03f6 1EB5     		push {r1-r4,lr}
 486 03f8 B023     		movs r3, # 0xb0
 487 03fa 013B     		subs r3, r3, # 1
 488 03fc 0446     		mov r4, r0
 489              	__ye_jia:
 490 03fe A648     		ldr r0, = 0x40023818
 491 0400 1021     		movs r1, # 0x10
 492 0402 0904     		lsls r1, r1, # 16
 493 0404 0160     		str r1, [r0]            @RS=0
 494 0406 4FF0FF02 		ldr r2, = 0xff
 495 040a 00F01CF8 		bl __lcd_yanshi
 496 040e 0133     		adds r3, r3, # 1
 497 0410 B92B     		cmp r3, # 0xb9
 498 0412 00D1     		bne __xie_ye_dizhi
 499 0414 1EBD     		pop {r1-r4,pc}
 500              		@       movs r3, # 0xb0
 501              		@       mvns r4, r4
 502              		@       lsls r4, r4, # 24
 503              		@       lsrs r4, r4, # 24
 504              	__xie_ye_dizhi:
 505 0416 1020     		movs r0, # 0x10
 506 0418 FFF7DFFF 		bl __xie_spi1
 507 041c 0020     		movs r0, # 0
 508 041e FFF7DCFF 		bl __xie_spi1
 509 0422 1846     		mov r0, r3
 510 0424 FFF7D9FF 		bl __xie_spi1
 511              	
 512 0428 9B48     		ldr r0, = 0x40023818
 513 042a 1021     		movs r1, # 0x10
ARM GAS  1.s 			page 10


 514 042c 0160     		str r1, [r0]            @RS=1
 515 042e 4FF0FF02 		ldr r2, = 0xff
 516 0432 00F008F8 		bl __lcd_yanshi
 517              	
 518 0436 8421     		movs r1, # 132
 519              	__heng_sao:
 520 0438 2078     		ldrb r0, [r4]
 521              		@       mov r0, r4
 522 043a FFF7CEFF 		bl __xie_spi1
 523 043e 0134     		adds r4, r4, # 1
 524 0440 0139     		subs r1, r1, # 1
 525 0442 F9D1     		bne __heng_sao
 526 0444 DBE7     		b __ye_jia
 527              	__lcd_yanshi:
 528 0446 013A     		subs r2, r2, # 1
 529 0448 FDD1     		bne __lcd_yanshi
 530 044a 7047     		bx lr
 531              		
 532              	__lcd_qingping:
 533 044c 1FB5     		push {r0-r4,lr}
 534 044e B023     		movs r3, # 0xb0
 535 0450 013B     		subs r3, r3, # 1
 536 0452 4FF00004 		mov r4, # 0
 537              	__ye_jia1:
 538 0456 9048     		ldr r0, = 0x40023818
 539 0458 1021     		movs r1, # 0x10
 540 045a 0904     		lsls r1, r1, # 16
 541 045c 0160     		str r1, [r0]            @RS=0
 542 045e 4FF0FF02 		ldr r2, = 0xff
 543 0462 FFF7F0FF 		bl __lcd_yanshi
 544 0466 0133     		adds r3, r3, # 1
 545 0468 B92B     		cmp r3, # 0xb9
 546 046a 00D1     		bne __xie_ye_dizhi1
 547 046c 1FBD     		pop {r0-r4,pc}
 548              	__xie_ye_dizhi1:
 549 046e 1020     		movs r0, # 0x10
 550 0470 FFF7B3FF 		bl __xie_spi1
 551 0474 0020     		movs r0, # 0
 552 0476 FFF7B0FF 		bl __xie_spi1
 553 047a 1846     		mov r0, r3
 554 047c FFF7ADFF 		bl __xie_spi1
 555              	
 556 0480 8548     		ldr r0, = 0x40023818
 557 0482 1021     		movs r1, # 0x10
 558 0484 0160     		str r1, [r0]            @RS=1
 559 0486 4FF0FF02 		ldr r2, = 0xff
 560 048a FFF7DCFF 		bl __lcd_yanshi
 561 048e 8421     		movs r1, # 132
 562              	__heng_sao1:
 563 0490 2046     		mov r0, r4
 564 0492 FFF7A2FF 		bl __xie_spi1
 565 0496 0139     		subs r1, r1, # 1
 566 0498 FAD1     		bne __heng_sao1
 567 049a DCE7     		b __ye_jia1
 568              	
 569              		
 570              	__xie_lcd_weizhi:
ARM GAS  1.s 			page 11


 571              		@入口R0=要写的地址(低16=X，高16=Y=（0-131(r5=高4,R4=低4))
 572 049c 3EB5     		push {r1-r5,lr}
 573 049e 0546     		mov r5, r0
 574 04a0 0446     		mov r4, r0
 575 04a2 0004     		lsls r0, r0, # 16
 576 04a4 000C     		lsrs r0, r0, # 16
 577 04a6 2D0D     		lsrs r5, r5, # 20	@高4
 578 04a8 2403     		lsls r4, r4, # 12
 579 04aa 240F     		lsrs r4, r4, # 28
 580 04ac 7A49     	        ldr r1, = 0x40023818
 581 04ae 1023     		movs r3, # 0x10
 582 04b0 1B04     		lsls r3, r3, # 16
 583 04b2 0B60     		str r3, [r1]            @RS=0
 584 04b4 4FF0FF02 		ldr r2, = 0xff
 585 04b8 FFF7C5FF 		bl __lcd_yanshi
 586 04bc FFF78DFF 		bl __xie_spi1
 587              		
 588 04c0 1020     		movs r0, # 0x10
 589 04c2 2843     		orrs r0, r0, r5
 590 04c4 FFF789FF 		bl __xie_spi1
 591              		
 592 04c8 2046     		mov r0, r4
 593 04ca FFF786FF 		bl __xie_spi1
 594 04ce 1023     		movs r3, # 0x10
 595 04d0 0B60     		str r3, [r1]            @RS=1
 596 04d2 4FF0FF02 		ldr r2, = 0xff
 597 04d6 FFF7B6FF 		bl __lcd_yanshi
 598 04da 3EBD     		pop {r1-r5,pc}
 599              	
 600              	
 601              	__xie_lcd_ascii:
 602 04dc 2DE9F04F 		push {r4-r11,lr}
 603              		@入口r0=写几个字
 604              		@r1=字库单字长度
 605              		@r2=y宽（几行）
 606              		@r3=要写的地址
 607 04e0 6F4D     		ldr r5, = asciibiao
 608 04e2 9946     		mov r9, r3
 609 04e4 0026     		movs r6, # 0
 610 04e6 3746     		mov r7, r6
 611 04e8 8246     		mov r10, r0
 612 04ea 9346     		mov r11, r2	
 613 04ec 4A43     		muls r2, r2, r1
 614 04ee 9046     		mov r8, r2
 615              	__xie_lcd_dizhi:
 616 04f0 4846     		mov r0, r9
 617 04f2 FFF7D3FF 		bl __xie_lcd_weizhi
 618              	__du_ascii:
 619 04f6 A85D     		ldrb r0, [r5, r6]
 620              					@subs r0, r0, # 32	@字库偏移
 621 04f8 4843     		muls r0, r0, r1
 622 04fa 6E4B     		ldr r3, = da_a_labo_shuzi
 623 04fc 0344     		add r3, r3, r0
 624 04fe DB19     		adds r3, r3, r7
 625              	__du_ziku_16_chushihua:
 626 0500 0024     		movs r4, # 0
 627              	__du_ziku_16:
ARM GAS  1.s 			page 12


 628 0502 185D     		ldrb r0, [r3, r4]
 629 0504 0334     		adds r4, r4, # 3
 630 0506 8C42     		cmp r4, r1
 631 0508 03D0     		beq __duwan_16
 632 050a FFF766FF 		bl __xie_spi1
 633 050e 0046     		mov r0, r0
 634 0510 F7E7     		b __du_ziku_16
 635              	__duwan_16:
 636 0512 0136     		adds r6, r6, # 1
 637 0514 5645     		cmp r6, r10
 638 0516 EED1     		bne __du_ascii
 639 0518 0026     		movs r6, # 0
 640 051a 0137     		adds r7, r7, # 1	@字库地址偏移
 641 051c 19F10109 		adds r9, r9, # 1	@Y偏移
 642 0520 5F45     		cmp r7, r11	
 643 0522 E5D1     		bne __xie_lcd_dizhi
 644 0524 BDE8F08F 		pop {r4-r11,pc}
 645              	_zhuanascii:							@ 16进制转ASCII
 646              		@ R0要转的数据， R1长度，R2结果表首地址, r3=小数点位置
 647 0528 F0B5     		push {r4-r7,lr}
 648 052a 1F46     		mov r7, r3
 649 052c 0546     		mov r5, r0
 650 052e 0E46     		mov r6, r1
 651 0530 0A21     		movs r1, # 10
 652              	_xunhuanqiuma:
 653 0532 B0FBF1F0 		udiv r0, r0, r1
 654 0536 0446     		mov r4, r0
 655 0538 4C43     		muls r4, r1
 656 053a 2B1B     		subs r3, r5, r4
 657              	@	adds r3, r3, # 0x30	@ascii偏移
 658 053c 0546     		mov r5, r0
 659 053e 013E     		subs r6, r6, # 1
 660 0540 08D0     		beq _qiumafanhui
 661 0542 BE42     		cmp r6, r7
 662 0544 02D1     		bne _meidaoxiaoshudian
 663 0546 2E24     		movs r4, # 0x2e		@小数点
 664 0548 9455     		strb r4, [r2,r6]	@插入小数点
 665 054a 013E     		subs r6, r6, # 1
 666              	_meidaoxiaoshudian:
 667 054c 9355     		strb r3, [r2,r6]
 668 054e 3600     		movs r6, r6
 669 0550 EFD1     		bne _xunhuanqiuma
 670 0552 F0BD     		pop {r4-r7,pc}
 671              	_qiumafanhui:
 672 0554 9355     		strb r3, [r2, r6]
 673 0556 F0BD     		pop {r4-r7,pc}
 674              	
 675              	__suan_atan2:
 676              		@入口R0=实部，R1=虚部
 677              		@出口R0=角度
 678 0558 7CB5     		push {r2-r6,lr}
 679 055a 574E     		ldr r6, = atan_biao
 680 055c 0022     		movs r2, # 0
 681 055e 1346     		mov r3, r2
 682 0560 0000     		movs r0, r0
 683 0562 05D5     		bpl __panduan_xubu
 684 0564 4FF4B402 		ldr r2, = 5898240
ARM GAS  1.s 			page 13


 685 0568 C043     		mvns r0, r0
 686 056a C943     		mvns r1, r1
 687 056c 0130     		adds r0, r0, # 1
 688 056e 0131     		adds r1, r1, # 1
 689              	__panduan_xubu:
 690 0570 0900     		movs r1, r1
 691 0572 01D5     		bpl __suan_atan2_xunhuan
 692 0574 4FF43402 		ldr r2, = 11796480
 693              	__suan_atan2_xunhuan:
 694 0578 0900     		movs r1, r1
 695 057a 0AD5     		bpl __atan2_zhengzhuan
 696 057c 0446     		mov r4, r0	@x
 697 057e 0D46     		mov r5, r1	@y
 698 0580 1D41     		asrs r5, r5, r3
 699 0582 1C41     		asrs r4, r4, r3
 700 0584 401B     		subs r0, r0, r5
 701 0586 0919     		adds r1, r1, r4
 702 0588 1C46     		mov r4, r3
 703 058a A400     		lsls r4, r4, # 2
 704 058c 3459     		ldr r4, [r6, r4]
 705 058e 121B     		subs r2, r2, r4
 706 0590 09E0     		b __atan2_xuanzhuan
 707              	__atan2_zhengzhuan:
 708 0592 0446     		mov r4, r0	@x
 709 0594 0D46     		mov r5, r1	@y
 710 0596 1D41     		asrs r5, r5, r3
 711 0598 1C41     		asrs r4, r4, r3
 712 059a 4019     		adds r0, r0, r5
 713 059c 091B     		subs r1, r1, r4
 714 059e 1C46     		mov r4, r3
 715 05a0 A400     		lsls r4, r4, # 2
 716 05a2 3459     		ldr r4, [r6, r4]
 717 05a4 1219     		adds r2, r2, r4
 718              	__atan2_xuanzhuan:
 719 05a6 0133     		adds r3, r3, # 1
 720 05a8 152B     		cmp r3, # 21
 721 05aa E5D1     		bne __suan_atan2_xunhuan
 722 05ac 0146     		mov r1, r0
 723 05ae 1046     		mov r0,r2
 724 05b0 7CBD     		pop {r2-r6,pc}
 725              	_nmi_handler:	
 726              	_hard_fault:	
 727              	_memory_fault:	
 728              	_bus_fault:	
 729              	_usage_fault:
 730              	aaa:
 731 05b2 7047     		bx lr
 732              	__systick_zhongduan:				@syzd
 733 05b4 2DE9FF5F 		push {r0-r12,lr}
 734              	
 735              	__systick_fanhui:
 736 05b8 1460     		str r4, [r2]
 737 05ba 4048     		ldr r0, = 0xe0000d04
 738 05bc 4FF00071 		ldr r1, = 0x02000000
 739 05c0 0160     		str r1, [r0]                 @ 清除SYSTICK中断
 740 05c2 BDE8FF9F 		pop {r0-r12,pc}
 741              	_tim3:
ARM GAS  1.s 			page 14


 742 05c6 2DE9FF5F 		push {r0-r12,lr}
 743 05ca 3D48     		ldr r0, = spwm_zhizhen
 744 05cc 3D49     		ldr r1, = sin_biao
 745 05ce 0268     		ldr r2, [r0]
 746 05d0 8B5A     		ldrh r3, [r1, r2]
 747 05d2 40F22037 		movw r7, # 800
 748 05d6 0232     		adds r2, r2, # 2
 749 05d8 BA42     		cmp r2, r7
 750 05da 09D9     		bls __du_ch2
 751 05dc 3A4A     		ldr r2, = 0x4000042c
 752 05de DFF8BC80 		ldr r8, = guoling_shijian
 753 05e2 D8F80080 		ldr r8, [r8]
 754 05e6 B8F11108 		subs r8, r8, # 17
 755 05ea C2F80080 		str r8, [r2]
 756 05ee 0022     		movs r2, # 0
 757              	__du_ch2:
 758 05f0 0260     		str r2, [r0]
 759 05f2 40F29018 		movw r8, # 400
 760 05f6 12EB0802 		adds r2, r2, r8
 761 05fa BA42     		cmp r2, r7
 762 05fc 00D9     		bls __xieru_spwm
 763 05fe D21B     		subs r2, r2, r7
 764              	__xieru_spwm:
 765 0600 31F80280 		ldrh r8, [r1, r2]
 766 0604 314E     		ldr r6, = 0x40012c34
 767 0606 4FF40044 		ldr r4, = 32768		@振幅设置
 768 060a 03FB04F3 		mul r3, r3, r4
 769 060e 08FB04F8 		mul r8, r8, r4
 770 0612 DB0B     		lsrs r3, r3, # 15
 771 0614 5FEAD838 		lsrs r8, r8, # 15
 772 0618 3360     		str r3, [r6]
 773 061a C6F80480 		str r8, [r6, # 0x04]
 774 061e 1948     	        ldr r0, = 0x40000400
 775 0620 0021     		movs r1, # 0
 776 0622 0161     		str r1, [r0, # 0x10]
 777 0624 BDE8FF9F 		pop {r0-r12,pc}
 778              	_tim4:
 779 0628 1C48     		ldr r0, = guoling_shijian
 780 062a 1549     		ldr r1, = 0x40000800
 781 062c 8A8E     		ldrh r2, [r1, # 0x34]
 782 062e 0260     		str r2, [r0]
 783 0630 0122     		movs r2, # 0x01
 784 0632 4A61     		str r2, [r1, # 0x14]
 785 0634 2248     		ldr r0, = spwm_zhizhen
 786 0636 40F20002 		movw r2, # 0
 787 063a 0260     		str r2, [r0]
 788 063c 7047     		bx lr
 789 063e 00000020 		.ltorg
 789      02400010 
 789      02400200 
 789      39000000 
 789      010100E1 
 790              		.section .data
 791              		.equ STACHINIT,         0x20004000      @堆栈顶
 792              		.equ asciibiao,		0x20000000	@ASCII表
 793              		.equ guoling_shijian,	0x200001e4	@过零时间
 794              		.equ spwm_zhizhen,	0x200001e8	@spwm表指针
ARM GAS  1.s 			page 15


 795              		.equ dianya_jiaodu,	0x200001ec	@电压角度
 796              		.equ cos_zhizhen,	0x200001f8	@COS 指针
 797              		.equ sp_zhizhen,	0x200001fc	@堆栈指针
 798              		.equ dianyabiao,	0x20000200	@电压表
 799              		.equ cos_biao,		0x20000300	@cos_表
 800              		.align 4
 801              	sin_biao:
 802 0000 800CB20C 		.short 3200,3250,3300,3350,3400,3451,3501,3551,3601,3650,3700,3750,3799,3848,3897,3946,3995,4044,4
 802      E40C160D 
 802      480D7B0D 
 802      AD0DDF0D 
 802      110E420E 
 803              		.align 4
 804              	atan_biao:		@角度
 805 0320 00801600 		.int 0x00168000,0x000D4853,0x000704A3,0x00039000,0x0001C9C5,0x0000E51B,0x00007295,0x0000394B,0x000
 805      53480D00 
 805      A3040700 
 805      00900300 
 805      C5C90100 
 806 0374 00000000 		.align 4
 806      00000000 
 806      00000000 
 807              	da_a_labo_shuzi:
 808 0380 00000080 		.byte 0x00, 0x00, 0x00, 0x80, 0xFF, 0x01, 0xE0, 0xFF, 0x07, 0xF8, 0xFF, 0x1F, 0x78, 0x00, 0x1E, 0x
 808      FF01E0FF 
 808      07F8FF1F 
 808      78001E1C 
 808      00380C00 
 809 03b0 00000000 		.byte 0x00, 0x00, 0x00, 0x00, 0x00, 0x00, 0x00, 0x00, 0x00, 0x60, 0x00, 0x30, 0x60, 0x00, 0x30, 0x
 809      00000000 
 809      00600030 
 809      60003060 
 809      00307000 
 810 03e0 00000038 		.byte 0x00, 0x00, 0x00, 0x38, 0x00, 0x38, 0x18, 0x00, 0x3C, 0x1C, 0x00, 0x3E, 0x0C, 0x00, 0x37, 0x
 810      00381800 
 810      3C1C003E 
 810      0C00370C 
 810      80330CC0 
 811 0410 00000000 		.byte 0x00, 0x00, 0x00, 0x00, 0x00, 0x1C, 0x38, 0x00, 0x18, 0x18, 0x00, 0x38, 0x1C, 0x00, 0x30, 0x
 811      001C3800 
 811      18180038 
 811      1C00300C 
 811      00300C0C 
 812 0440 00F00000 		.byte 0x00, 0xF0, 0x00, 0x00, 0xF8, 0x00, 0x00, 0xDC, 0x00, 0x00, 0xCE, 0x00, 0x00, 0xC7, 0x00, 0x
 812      F80000DC 
 812      0000CE00 
 812      00C700C0 
 812      C100E0C0 
 813 0470 00000000 		.byte 0x00, 0x00, 0x00, 0x00, 0x00, 0x1C, 0xFC, 0x07, 0x18, 0xFC, 0x07, 0x38, 0xFC, 0x07, 0x30, 0x
 813      001CFC07 
 813      18FC0738 
 813      FC07300C 
 813      06300C06 
 814 04a0 00000000 		.byte 0x00, 0x00, 0x00, 0x00, 0xFE, 0x01, 0xC0, 0xFF, 0x07, 0xE0, 0xFF, 0x1F, 0xF0, 0x0C, 0x1E, 0x
 814      FE01C0FF 
 814      07E0FF1F 
 814      F00C1E38 
ARM GAS  1.s 			page 16


 814      04381806 
 815 04d0 0000000C 		.byte 0x00, 0x00, 0x00, 0x0C, 0x00, 0x00, 0x0C, 0x00, 0x00, 0x0C, 0x00, 0x20, 0x0C, 0x00, 0x38, 0x
 815      00000C00 
 815      000C0020 
 815      0C00380C 
 815      003E0CC0 
 816 0500 00000000 		.byte 0x00, 0x00, 0x00, 0x00, 0xC0, 0x07, 0xE0, 0xE1, 0x0F, 0xF8, 0xF3, 0x1F, 0xF8, 0x3F, 0x1C, 0x
 816      C007E0E1 
 816      0FF8F31F 
 816      F83F1C1C 
 816      0F380C0E 
 817 0530 000000C0 		.byte 0x00, 0x00, 0x00, 0xC0, 0x0F, 0x00, 0xF0, 0x1F, 0x00, 0xF8, 0x3F, 0x38, 0x38, 0x78, 0x30, 0x
 817      0F00F01F 
 817      00F83F38 
 817      3878301C 
 817      70300C60 
 818              		
 819              	
 820              	
 821              		
ARM GAS  1.s 			page 17


DEFINED SYMBOLS
                 1.s:9      .text:0000000000000000 vectors
                            *ABS*:0000000020004000 STACHINIT
                 1.s:79     .text:0000000000000110 _start
                 1.s:725    .text:00000000000005b2 _nmi_handler
                 1.s:726    .text:00000000000005b2 _hard_fault
                 1.s:727    .text:00000000000005b2 _memory_fault
                 1.s:728    .text:00000000000005b2 _bus_fault
                 1.s:729    .text:00000000000005b2 _usage_fault
                 1.s:730    .text:00000000000005b2 aaa
                 1.s:732    .text:00000000000005b4 __systick_zhongduan
                 1.s:741    .text:00000000000005c6 _tim3
                 1.s:778    .text:0000000000000628 _tim4
                 1.s:80     .text:0000000000000110 __shizhong
                            .text:0000000000000000 $d
                 1.s:81     .text:0000000000000110 $t
                 1.s:87     .text:0000000000000122 __denghse
                 1.s:91     .text:0000000000000128 __dengpllguan
                 1.s:103    .text:0000000000000140 __dengpll
                 1.s:107    .text:0000000000000146 __waishe_shizhong
                 1.s:129    .text:0000000000000162 _waishezhongduan
                 1.s:138    .text:000000000000016c _neicunqingling
                 1.s:142    .text:0000000000000176 _neicunqinglingxunhuan
                 1.s:149    .text:000000000000017e __io_shezhi
                 1.s:203    .text:00000000000001b4 __dma_chushihua
                            *ABS*:0000000020000200 dianyabiao
                 1.s:216    .text:00000000000001d4 __adc_chushihua
                 1.s:220    .text:00000000000001de __deng_adc_jiaozhun
                 1.s:224    .text:00000000000001e4 __deng_adc_zhunbeihao
                 1.s:246    .text:00000000000001f6 __tim4_chushihua
                 1.s:256    .text:000000000000020c __tim3chushihua
                 1.s:267    .text:0000000000000226 __tim1_chushiha
                 1.s:284    .text:000000000000024e __spi_chushihua
                 1.s:289    .text:0000000000000258 __lcd_chushihua
                 1.s:527    .text:0000000000000446 __lcd_yanshi
                 1.s:466    .text:00000000000003da __xie_spi1
                 1.s:532    .text:000000000000044c __lcd_qingping
                 1.s:336    .text:00000000000002c8 __guoling_xianshi
                            *ABS*:00000000200001e4 guoling_shijian
                            *ABS*:0000000020000000 asciibiao
                 1.s:645    .text:0000000000000528 _zhuanascii
                 1.s:601    .text:00000000000004dc __xie_lcd_ascii
                 1.s:351    .text:00000000000002e4 adc
                 1.s:372    .text:0000000000000308 __ting
                 1.s:379    .text:0000000000000316 __led_kai_yanshi
                 1.s:384    .text:0000000000000320 __led_guan_yanshi
                 1.s:390    .text:000000000000032a __jishu_shiyan
                 1.s:401    .text:000000000000033e __xianshi_shuzi
                 1.s:415    .text:0000000000000356 __dft_jisuan
                            *ABS*:00000000200001fc sp_zhizhen
                 1.s:424    .text:000000000000036c __dft_xunhuan
                 1.s:477    .text:00000000000003ee __spi_mang
                 1.s:472    .text:00000000000003e8 __xie_spi1_yanshi
                 1.s:483    .text:00000000000003f6 __xie_lcd_ye
                 1.s:489    .text:00000000000003fe __ye_jia
                 1.s:504    .text:0000000000000416 __xie_ye_dizhi
                 1.s:519    .text:0000000000000438 __heng_sao
ARM GAS  1.s 			page 18


                 1.s:537    .text:0000000000000456 __ye_jia1
                 1.s:548    .text:000000000000046e __xie_ye_dizhi1
                 1.s:562    .text:0000000000000490 __heng_sao1
                 1.s:570    .text:000000000000049c __xie_lcd_weizhi
                 1.s:615    .text:00000000000004f0 __xie_lcd_dizhi
                 1.s:618    .text:00000000000004f6 __du_ascii
                 1.s:807    .data:0000000000000380 da_a_labo_shuzi
                 1.s:625    .text:0000000000000500 __du_ziku_16_chushihua
                 1.s:627    .text:0000000000000502 __du_ziku_16
                 1.s:635    .text:0000000000000512 __duwan_16
                 1.s:652    .text:0000000000000532 _xunhuanqiuma
                 1.s:671    .text:0000000000000554 _qiumafanhui
                 1.s:666    .text:000000000000054c _meidaoxiaoshudian
                 1.s:675    .text:0000000000000558 __suan_atan2
                 1.s:804    .data:0000000000000320 atan_biao
                 1.s:689    .text:0000000000000570 __panduan_xubu
                 1.s:693    .text:0000000000000578 __suan_atan2_xunhuan
                 1.s:707    .text:0000000000000592 __atan2_zhengzhuan
                 1.s:718    .text:00000000000005a6 __atan2_xuanzhuan
                 1.s:735    .text:00000000000005b8 __systick_fanhui
                            *ABS*:00000000200001e8 spwm_zhizhen
                 1.s:801    .data:0000000000000000 sin_biao
                 1.s:757    .text:00000000000005f0 __du_ch2
                 1.s:764    .text:0000000000000600 __xieru_spwm
                 1.s:789    .text:000000000000063e $d
                 1.s:789    .text:0000000000000640 $d
                 1.s:795    *ABS*:00000000200001ec dianya_jiaodu
                 1.s:796    *ABS*:00000000200001f8 cos_zhizhen
                 1.s:799    *ABS*:0000000020000300 cos_biao
                 1.s:800    .data:0000000000000000 $d

NO UNDEFINED SYMBOLS
